2025-03-19T10:05:54.916Z: ==== FIXTURES SITEMAP GENERATION STARTED ====
2025-03-19T10:05:54.918Z: Fetching fixtures for date: 2025-03-19
2025-03-19T10:05:54.920Z: Error: Dynamic server usage: Route /api/sitemap/fixtures couldn't be rendered statically because it used revalidate: 0 fetch https://api-football-v1.p.rapidapi.com/v3/fixtures?date=2025-03-19 /api/sitemap/fixtures. See more info here: https://nextjs.org/docs/messages/dynamic-server-error
2025-03-19T10:06:31.811Z: ==== FIXTURES SITEMAP GENERATION STARTED ====
2025-03-19T10:06:31.812Z: Fetching fixtures for date: 2025-03-19
2025-03-19T10:06:32.111Z: API Response structure: {"get":"fixtures","parameters":{"date":"2025-03-19"},"errors":[],"results":188,"paging":{"current":1,"total":1},"response":[{"fixture":{"id":1322613,"referee":null,"timezone":"UTC","date":"2025-03-19T...
2025-03-19T10:06:32.111Z: Found 188 fixtures
2025-03-19T10:06:32.111Z: Processing fixture ID: 1322613
2025-03-19T10:06:32.112Z: Processing fixture ID: 1332625
2025-03-19T10:06:32.112Z: Processing fixture ID: 1332626
2025-03-19T10:06:32.112Z: Processing fixture ID: 1338666
2025-03-19T10:06:32.112Z: Processing fixture ID: 1349151
2025-03-19T10:06:32.113Z: Processing fixture ID: 1354580
2025-03-19T10:06:32.113Z: Processing fixture ID: 1333578
2025-03-19T10:06:32.113Z: Processing fixture ID: 1325884
2025-03-19T10:06:32.113Z: Processing fixture ID: 1349152
2025-03-19T10:06:32.114Z: Processing fixture ID: 1323870
2025-03-19T10:06:32.114Z: Processing fixture ID: 1322612
2025-03-19T10:06:32.114Z: Processing fixture ID: 1349153
2025-03-19T10:06:32.114Z: Processing fixture ID: 1349172
2025-03-19T10:06:32.115Z: Processing fixture ID: 1323871
2025-03-19T10:06:32.115Z: Processing fixture ID: 1361654
2025-03-19T10:06:32.115Z: Processing fixture ID: 1320496
2025-03-19T10:06:32.116Z: Processing fixture ID: 1285106
2025-03-19T10:06:32.116Z: Processing fixture ID: 1320513
2025-03-19T10:06:32.116Z: Processing fixture ID: 1320518
2025-03-19T10:06:32.116Z: Processing fixture ID: 1320521
2025-03-19T10:06:32.117Z: Processing fixture ID: 1361655
2025-03-19T10:06:32.117Z: Processing fixture ID: 1352302
2025-03-19T10:06:32.117Z: Processing fixture ID: 1222785
2025-03-19T10:06:32.117Z: Processing fixture ID: 1285084
2025-03-19T10:06:32.118Z: Processing fixture ID: 1313640
2025-03-19T10:06:32.118Z: Processing fixture ID: 1320453
2025-03-19T10:06:32.118Z: Processing fixture ID: 1320458
2025-03-19T10:06:32.118Z: Processing fixture ID: 1320485
2025-03-19T10:06:32.119Z: Processing fixture ID: 1320512
2025-03-19T10:06:32.119Z: Processing fixture ID: 1330130
2025-03-19T10:06:32.119Z: Processing fixture ID: 1330212
2025-03-19T10:06:32.119Z: Processing fixture ID: 1285105
2025-03-19T10:06:32.119Z: Processing fixture ID: 1303251
2025-03-19T10:06:32.120Z: Processing fixture ID: 1313178
2025-03-19T10:06:32.120Z: Processing fixture ID: 1354390
2025-03-19T10:06:32.120Z: Processing fixture ID: 1320460
2025-03-19T10:06:32.120Z: Processing fixture ID: 1350315
2025-03-19T10:06:32.121Z: Processing fixture ID: 1320461
2025-03-19T10:06:32.121Z: Processing fixture ID: 1320519
2025-03-19T10:06:32.121Z: Processing fixture ID: 1320524
2025-03-19T10:06:32.121Z: Processing fixture ID: 1320647
2025-03-19T10:06:32.122Z: Processing fixture ID: 1332301
2025-03-19T10:06:32.122Z: Processing fixture ID: 1332327
2025-03-19T10:06:32.122Z: Processing fixture ID: 1313641
2025-03-19T10:06:32.123Z: Processing fixture ID: 1350314
2025-03-19T10:06:32.123Z: Processing fixture ID: 1361352
2025-03-19T10:06:32.123Z: Processing fixture ID: 1294915
2025-03-19T10:06:32.123Z: Processing fixture ID: 1313818
2025-03-19T10:06:32.124Z: Processing fixture ID: 1320455
2025-03-19T10:06:32.124Z: Processing fixture ID: 1320495
2025-03-19T10:06:32.124Z: Processing fixture ID: 1320514
2025-03-19T10:06:32.124Z: Processing fixture ID: 1320515
2025-03-19T10:06:32.125Z: Processing fixture ID: 1361353
2025-03-19T10:06:32.125Z: Processing fixture ID: 1361354
2025-03-19T10:06:32.125Z: Processing fixture ID: 1361355
2025-03-19T10:06:32.125Z: Processing fixture ID: 1361356
2025-03-19T10:06:32.125Z: Processing fixture ID: 1361357
2025-03-19T10:06:32.126Z: Processing fixture ID: 1246184
2025-03-19T10:06:32.126Z: Processing fixture ID: 1316238
2025-03-19T10:06:32.126Z: Processing fixture ID: 1320452
2025-03-19T10:06:32.126Z: Processing fixture ID: 1249210
2025-03-19T10:06:32.127Z: Processing fixture ID: 1274622
2025-03-19T10:06:32.127Z: Processing fixture ID: 1274624
2025-03-19T10:06:32.127Z: Processing fixture ID: 1274625
2025-03-19T10:06:32.127Z: Processing fixture ID: 1274626
2025-03-19T10:06:32.128Z: Processing fixture ID: 1274627
2025-03-19T10:06:32.128Z: Processing fixture ID: 1274628
2025-03-19T10:06:32.128Z: Processing fixture ID: 1274630
2025-03-19T10:06:32.129Z: Processing fixture ID: 1318450
2025-03-19T10:06:32.129Z: Processing fixture ID: 1320454
2025-03-19T10:06:32.129Z: Processing fixture ID: 1320457
2025-03-19T10:06:32.129Z: Processing fixture ID: 1320517
2025-03-19T10:06:32.130Z: Processing fixture ID: 1320648
2025-03-19T10:06:32.130Z: Processing fixture ID: 1332337
2025-03-19T10:06:32.130Z: Processing fixture ID: 1320486
2025-03-19T10:06:32.130Z: Processing fixture ID: 1125965
2025-03-19T10:06:32.131Z: Processing fixture ID: 1125977
2025-03-19T10:06:32.131Z: Processing fixture ID: 1125979
2025-03-19T10:06:32.131Z: Processing fixture ID: 1285099
2025-03-19T10:06:32.131Z: Processing fixture ID: 1320520
2025-03-19T10:06:32.131Z: Processing fixture ID: 1320522
2025-03-19T10:06:32.132Z: Processing fixture ID: 1320523
2025-03-19T10:06:32.132Z: Processing fixture ID: 1360089
2025-03-19T10:06:32.132Z: Processing fixture ID: 1360576
2025-03-19T10:06:32.132Z: Processing fixture ID: 1285102
2025-03-19T10:06:32.133Z: Processing fixture ID: 1352543
2025-03-19T10:06:32.133Z: Processing fixture ID: 1356232
2025-03-19T10:06:32.133Z: Processing fixture ID: 1356233
2025-03-19T10:06:32.133Z: Processing fixture ID: 1245205
2025-03-19T10:06:32.134Z: Processing fixture ID: 1320456
2025-03-19T10:06:32.134Z: Processing fixture ID: 1320646
2025-03-19T10:06:32.134Z: Processing fixture ID: 1332150
2025-03-19T10:06:32.134Z: Processing fixture ID: 1354288
2025-03-19T10:06:32.135Z: Processing fixture ID: 1358878
2025-03-19T10:06:32.135Z: Processing fixture ID: 1359982
2025-03-19T10:06:32.135Z: Processing fixture ID: 1360315
2025-03-19T10:06:32.135Z: Processing fixture ID: 1244532
2025-03-19T10:06:32.136Z: Processing fixture ID: 1349141
2025-03-19T10:06:32.136Z: Processing fixture ID: 1242362
2025-03-19T10:06:32.136Z: Processing fixture ID: 1242699
2025-03-19T10:06:32.136Z: Processing fixture ID: 1243655
2025-03-19T10:06:32.137Z: Processing fixture ID: 1244201
2025-03-19T10:06:32.137Z: Processing fixture ID: 1249225
2025-03-19T10:06:32.137Z: Processing fixture ID: 1268364
2025-03-19T10:06:32.137Z: Processing fixture ID: 1347539
2025-03-19T10:06:32.138Z: Processing fixture ID: 1359005
2025-03-19T10:06:32.138Z: Processing fixture ID: 1359007
2025-03-19T10:06:32.138Z: Processing fixture ID: 1359008
2025-03-19T10:06:32.139Z: Processing fixture ID: 1359009
2025-03-19T10:06:32.139Z: Processing fixture ID: 1359964
2025-03-19T10:06:32.139Z: Processing fixture ID: 1359981
2025-03-19T10:06:32.139Z: Processing fixture ID: 1360091
2025-03-19T10:06:32.140Z: Processing fixture ID: 1242367
2025-03-19T10:06:32.140Z: Processing fixture ID: 1244493
2025-03-19T10:06:32.140Z: Processing fixture ID: 1320459
2025-03-19T10:06:32.140Z: Processing fixture ID: 1333534
2025-03-19T10:06:32.141Z: Processing fixture ID: 1333783
2025-03-19T10:06:32.141Z: Processing fixture ID: 1330796
2025-03-19T10:06:32.141Z: Processing fixture ID: 1359011
2025-03-19T10:06:32.141Z: Processing fixture ID: 1235282
2025-03-19T10:06:32.141Z: Processing fixture ID: 1235642
2025-03-19T10:06:32.142Z: Processing fixture ID: 1235648
2025-03-19T10:06:32.142Z: Processing fixture ID: 1274629
2025-03-19T10:06:32.142Z: Processing fixture ID: 1301025
2025-03-19T10:06:32.142Z: Processing fixture ID: 1320462
2025-03-19T10:06:32.143Z: Processing fixture ID: 1320511
2025-03-19T10:06:32.143Z: Processing fixture ID: 1320516
2025-03-19T10:06:32.143Z: Processing fixture ID: 1322608
2025-03-19T10:06:32.144Z: Processing fixture ID: 1323642
2025-03-19T10:06:32.144Z: Processing fixture ID: 1347566
2025-03-19T10:06:32.144Z: Processing fixture ID: 1355914
2025-03-19T10:06:32.144Z: Processing fixture ID: 1359012
2025-03-19T10:06:32.144Z: Processing fixture ID: 1359013
2025-03-19T10:06:32.145Z: Processing fixture ID: 1359784
2025-03-19T10:06:32.145Z: Processing fixture ID: 1235162
2025-03-19T10:06:32.145Z: Processing fixture ID: 1264369
2025-03-19T10:06:32.145Z: Processing fixture ID: 1318414
2025-03-19T10:06:32.146Z: Processing fixture ID: 1318416
2025-03-19T10:06:32.146Z: Processing fixture ID: 1325881
2025-03-19T10:06:32.146Z: Processing fixture ID: 1356234
2025-03-19T10:06:32.147Z: Processing fixture ID: 1356235
2025-03-19T10:06:32.147Z: Processing fixture ID: 1256505
2025-03-19T10:06:32.147Z: Processing fixture ID: 1258753
2025-03-19T10:06:32.147Z: Processing fixture ID: 1258793
2025-03-19T10:06:32.147Z: Processing fixture ID: 1225478
2025-03-19T10:06:32.148Z: Processing fixture ID: 1225493
2025-03-19T10:06:32.148Z: Processing fixture ID: 1225495
2025-03-19T10:06:32.148Z: Processing fixture ID: 1225518
2025-03-19T10:06:32.148Z: Processing fixture ID: 1225522
2025-03-19T10:06:32.149Z: Processing fixture ID: 1225537
2025-03-19T10:06:32.149Z: Processing fixture ID: 1264368
2025-03-19T10:06:32.149Z: Processing fixture ID: 1349139
2025-03-19T10:06:32.149Z: Processing fixture ID: 1304821
2025-03-19T10:06:32.149Z: Processing fixture ID: 1304822
2025-03-19T10:06:32.150Z: Processing fixture ID: 1354579
2025-03-19T10:06:32.150Z: Processing fixture ID: 1322606
2025-03-19T10:06:32.150Z: Processing fixture ID: 1330783
2025-03-19T10:06:32.150Z: Processing fixture ID: 1332621
2025-03-19T10:06:32.151Z: Processing fixture ID: 1332623
2025-03-19T10:06:32.151Z: Processing fixture ID: 1349003
2025-03-19T10:06:32.151Z: Processing fixture ID: 1332620
2025-03-19T10:06:32.152Z: Processing fixture ID: 1332622
2025-03-19T10:06:32.152Z: Processing fixture ID: 1323756
2025-03-19T10:06:32.152Z: Processing fixture ID: 1323757
2025-03-19T10:06:32.152Z: Processing fixture ID: 1337260
2025-03-19T10:06:32.153Z: Processing fixture ID: 1337261
2025-03-19T10:06:32.153Z: Processing fixture ID: 1337262
2025-03-19T10:06:32.153Z: Processing fixture ID: 1347542
2025-03-19T10:06:32.153Z: Processing fixture ID: 1349170
2025-03-19T10:06:32.154Z: Processing fixture ID: 1359966
2025-03-19T10:06:32.154Z: Processing fixture ID: 1359968
2025-03-19T10:06:32.154Z: Processing fixture ID: 1347541
2025-03-19T10:06:32.154Z: Processing fixture ID: 1349154
2025-03-19T10:06:32.155Z: Processing fixture ID: 1355164
2025-03-19T10:06:32.155Z: Processing fixture ID: 1361605
2025-03-19T10:06:32.155Z: Processing fixture ID: 1310504
2025-03-19T10:06:32.155Z: Processing fixture ID: 1349155
2025-03-19T10:06:32.155Z: Processing fixture ID: 1349156
2025-03-19T10:06:32.156Z: Processing fixture ID: 1349157
2025-03-19T10:06:32.156Z: Processing fixture ID: 1355633
2025-03-19T10:06:32.156Z: Processing fixture ID: 1359970
2025-03-19T10:06:32.156Z: Processing fixture ID: 1360073
2025-03-19T10:06:32.157Z: Processing fixture ID: 1310505
2025-03-19T10:06:32.157Z: Processing fixture ID: 1325972
2025-03-19T10:06:32.157Z: Processing fixture ID: 1336556
2025-03-19T10:06:32.157Z: Processing fixture ID: 1336581
2025-03-19T10:06:32.158Z: Processing fixture ID: 1349158
2025-03-19T10:06:32.158Z: Processing fixture ID: 1349171
2025-03-19T10:06:32.158Z: Successfully added 188 fixtures to sitemap
2025-03-19T10:06:32.158Z: ==== FIXTURES SITEMAP GENERATION COMPLETED ====
2025-03-19T10:12:07.832Z: ==== FIXTURES SITEMAP GENERATION STARTED ====
2025-03-19T10:12:07.833Z: Fetching fixtures from 2025-03-19 to 2025-04-18
2025-03-19T10:12:07.835Z: Error: Dynamic server usage: Route /api/sitemap/fixtures couldn't be rendered statically because it used revalidate: 0 fetch https://api-football-v1.p.rapidapi.com/v3/fixtures?from=2025-03-19&to=2025-04-18 /api/sitemap/fixtures. See more info here: https://nextjs.org/docs/messages/dynamic-server-error
2025-03-19T12:48:28.204Z: ==== FIXTURES SITEMAP GENERATION STARTED ====
2025-03-19T12:48:28.204Z: Fetching fixtures from 2025-03-19 to 2025-04-18
2025-03-19T12:48:28.205Z: Error: Dynamic server usage: Route /api/sitemap/fixtures couldn't be rendered statically because it used revalidate: 0 fetch https://api-football-v1.p.rapidapi.com/v3/fixtures?from=2025-03-19&to=2025-04-18 /api/sitemap/fixtures. See more info here: https://nextjs.org/docs/messages/dynamic-server-error
2025-03-19T12:50:26.849Z: ==== FIXTURES SITEMAP GENERATION STARTED ====
2025-03-19T12:50:26.850Z: Fetching fixtures from 2025-03-19 to 2025-04-18
2025-03-19T12:50:27.054Z: API Response structure: {"get":"fixtures","parameters":{"from":"2025-03-19","to":"2025-04-18"},"errors":{"from":"The From field need another parameter.","to":"The To field need another parameter."},"results":0,"paging":{"cur...
2025-03-19T12:50:27.054Z: Found 0 fixtures
2025-03-19T12:50:27.055Z: Successfully added 0 fixtures to sitemap
2025-03-19T12:50:27.055Z: ==== FIXTURES SITEMAP GENERATION COMPLETED ====
2025-03-19T12:54:02.575Z: ==== FIXTURES SITEMAP GENERATION STARTED ====
2025-03-19T12:54:02.576Z: Fetching fixtures for date: 2025-03-19
2025-03-19T12:54:02.804Z: API Response structure: {"get":"fixtures","parameters":{"date":"2025-03-19"},"errors":[],"results":188,"paging":{"current":1,"total":1},"response":[{"fixture":{"id":1322613,"referee":null,"timezone":"UTC","date":"2025-03-19T...
2025-03-19T12:54:02.804Z: Found 188 fixtures
2025-03-19T12:54:02.804Z: Processing fixture ID: 1322613
2025-03-19T12:54:02.805Z: Processing fixture ID: 1332625
2025-03-19T12:54:02.805Z: Processing fixture ID: 1332626
2025-03-19T12:54:02.805Z: Processing fixture ID: 1338666
2025-03-19T12:54:02.805Z: Processing fixture ID: 1349151
2025-03-19T12:54:02.806Z: Processing fixture ID: 1354580
2025-03-19T12:54:02.806Z: Processing fixture ID: 1333578
2025-03-19T12:54:02.806Z: Processing fixture ID: 1325884
2025-03-19T12:54:02.806Z: Processing fixture ID: 1349152
2025-03-19T12:54:02.806Z: Processing fixture ID: 1323870
2025-03-19T12:54:02.807Z: Processing fixture ID: 1322612
2025-03-19T12:54:02.807Z: Processing fixture ID: 1349153
2025-03-19T12:54:02.807Z: Processing fixture ID: 1349172
2025-03-19T12:54:02.807Z: Processing fixture ID: 1323871
2025-03-19T12:54:02.807Z: Processing fixture ID: 1361654
2025-03-19T12:54:02.808Z: Processing fixture ID: 1320496
2025-03-19T12:54:02.808Z: Processing fixture ID: 1285106
2025-03-19T12:54:02.808Z: Processing fixture ID: 1320513
2025-03-19T12:54:02.808Z: Processing fixture ID: 1320518
2025-03-19T12:54:02.808Z: Processing fixture ID: 1320521
2025-03-19T12:54:02.809Z: Processing fixture ID: 1361655
2025-03-19T12:54:02.809Z: Processing fixture ID: 1352302
2025-03-19T12:54:02.809Z: Processing fixture ID: 1222785
2025-03-19T12:54:02.810Z: Processing fixture ID: 1285084
2025-03-19T12:54:02.810Z: Processing fixture ID: 1313640
2025-03-19T12:54:02.810Z: Processing fixture ID: 1320453
2025-03-19T12:54:02.810Z: Processing fixture ID: 1320458
2025-03-19T12:54:02.810Z: Processing fixture ID: 1320485
2025-03-19T12:54:02.811Z: Processing fixture ID: 1320512
2025-03-19T12:54:02.811Z: Processing fixture ID: 1330130
2025-03-19T12:54:02.811Z: Processing fixture ID: 1330212
2025-03-19T12:54:02.811Z: Processing fixture ID: 1285105
2025-03-19T12:54:02.812Z: Processing fixture ID: 1303251
2025-03-19T12:54:02.812Z: Processing fixture ID: 1313178
2025-03-19T12:54:02.812Z: Processing fixture ID: 1354390
2025-03-19T12:54:02.812Z: Processing fixture ID: 1320460
2025-03-19T12:54:02.812Z: Processing fixture ID: 1350315
2025-03-19T12:54:02.813Z: Processing fixture ID: 1320461
2025-03-19T12:54:02.813Z: Processing fixture ID: 1320519
2025-03-19T12:54:02.813Z: Processing fixture ID: 1320524
2025-03-19T12:54:02.813Z: Processing fixture ID: 1320647
2025-03-19T12:54:02.813Z: Processing fixture ID: 1332301
2025-03-19T12:54:02.813Z: Processing fixture ID: 1332327
2025-03-19T12:54:02.814Z: Processing fixture ID: 1313641
2025-03-19T12:54:02.814Z: Processing fixture ID: 1350314
2025-03-19T12:54:02.814Z: Processing fixture ID: 1361352
2025-03-19T12:54:02.814Z: Processing fixture ID: 1294915
2025-03-19T12:54:02.814Z: Processing fixture ID: 1313818
2025-03-19T12:54:02.815Z: Processing fixture ID: 1320455
2025-03-19T12:54:02.815Z: Processing fixture ID: 1320495
2025-03-19T12:54:02.815Z: Processing fixture ID: 1320514
2025-03-19T12:54:02.815Z: Processing fixture ID: 1320515
2025-03-19T12:54:02.815Z: Processing fixture ID: 1361353
2025-03-19T12:54:02.816Z: Processing fixture ID: 1361354
2025-03-19T12:54:02.816Z: Processing fixture ID: 1361355
2025-03-19T12:54:02.816Z: Processing fixture ID: 1361356
2025-03-19T12:54:02.816Z: Processing fixture ID: 1361357
2025-03-19T12:54:02.816Z: Processing fixture ID: 1246184
2025-03-19T12:54:02.816Z: Processing fixture ID: 1316238
2025-03-19T12:54:02.817Z: Processing fixture ID: 1320452
2025-03-19T12:54:02.817Z: Processing fixture ID: 1249210
2025-03-19T12:54:02.817Z: Processing fixture ID: 1274622
2025-03-19T12:54:02.817Z: Processing fixture ID: 1274624
2025-03-19T12:54:02.818Z: Processing fixture ID: 1274625
2025-03-19T12:54:02.818Z: Processing fixture ID: 1274626
2025-03-19T12:54:02.818Z: Processing fixture ID: 1274627
2025-03-19T12:54:02.818Z: Processing fixture ID: 1274628
2025-03-19T12:54:02.819Z: Processing fixture ID: 1274630
2025-03-19T12:54:02.819Z: Processing fixture ID: 1318450
2025-03-19T12:54:02.819Z: Processing fixture ID: 1320454
2025-03-19T12:54:02.819Z: Processing fixture ID: 1320457
2025-03-19T12:54:02.820Z: Processing fixture ID: 1320517
2025-03-19T12:54:02.820Z: Processing fixture ID: 1320648
2025-03-19T12:54:02.820Z: Processing fixture ID: 1332337
2025-03-19T12:54:02.820Z: Processing fixture ID: 1320486
2025-03-19T12:54:02.820Z: Processing fixture ID: 1125965
2025-03-19T12:54:02.821Z: Processing fixture ID: 1125977
2025-03-19T12:54:02.821Z: Processing fixture ID: 1125979
2025-03-19T12:54:02.821Z: Processing fixture ID: 1285099
2025-03-19T12:54:02.821Z: Processing fixture ID: 1320520
2025-03-19T12:54:02.822Z: Processing fixture ID: 1320522
2025-03-19T12:54:02.822Z: Processing fixture ID: 1320523
2025-03-19T12:54:02.822Z: Processing fixture ID: 1360089
2025-03-19T12:54:02.822Z: Processing fixture ID: 1360576
2025-03-19T12:54:02.823Z: Processing fixture ID: 1285102
2025-03-19T12:54:02.823Z: Processing fixture ID: 1352543
2025-03-19T12:54:02.823Z: Processing fixture ID: 1356232
2025-03-19T12:54:02.823Z: Processing fixture ID: 1356233
2025-03-19T12:54:02.823Z: Processing fixture ID: 1245205
2025-03-19T12:54:02.823Z: Processing fixture ID: 1320456
2025-03-19T12:54:02.824Z: Processing fixture ID: 1320646
2025-03-19T12:54:02.824Z: Processing fixture ID: 1332150
2025-03-19T12:54:02.824Z: Processing fixture ID: 1354288
2025-03-19T12:54:02.824Z: Processing fixture ID: 1358878
2025-03-19T12:54:02.824Z: Processing fixture ID: 1359982
2025-03-19T12:54:02.824Z: Processing fixture ID: 1360315
2025-03-19T12:54:02.825Z: Processing fixture ID: 1244532
2025-03-19T12:54:02.825Z: Processing fixture ID: 1349141
2025-03-19T12:54:02.825Z: Processing fixture ID: 1242362
2025-03-19T12:54:02.825Z: Processing fixture ID: 1242699
2025-03-19T12:54:02.825Z: Processing fixture ID: 1243655
2025-03-19T12:54:02.826Z: Processing fixture ID: 1244201
2025-03-19T12:54:02.826Z: Processing fixture ID: 1249225
2025-03-19T12:54:02.826Z: Processing fixture ID: 1268364
2025-03-19T12:54:02.826Z: Processing fixture ID: 1347539
2025-03-19T12:54:02.826Z: Processing fixture ID: 1359005
2025-03-19T12:54:02.826Z: Processing fixture ID: 1359007
2025-03-19T12:54:02.827Z: Processing fixture ID: 1359008
2025-03-19T12:54:02.827Z: Processing fixture ID: 1359009
2025-03-19T12:54:02.827Z: Processing fixture ID: 1359964
2025-03-19T12:54:02.827Z: Processing fixture ID: 1359981
2025-03-19T12:54:02.827Z: Processing fixture ID: 1360091
2025-03-19T12:54:02.827Z: Processing fixture ID: 1242367
2025-03-19T12:54:02.828Z: Processing fixture ID: 1244493
2025-03-19T12:54:02.828Z: Processing fixture ID: 1320459
2025-03-19T12:54:02.828Z: Processing fixture ID: 1333534
2025-03-19T12:54:02.828Z: Processing fixture ID: 1333783
2025-03-19T12:54:02.829Z: Processing fixture ID: 1330796
2025-03-19T12:54:02.829Z: Processing fixture ID: 1359011
2025-03-19T12:54:02.829Z: Processing fixture ID: 1235282
2025-03-19T12:54:02.829Z: Processing fixture ID: 1235642
2025-03-19T12:54:02.829Z: Processing fixture ID: 1235648
2025-03-19T12:54:02.829Z: Processing fixture ID: 1274629
2025-03-19T12:54:02.830Z: Processing fixture ID: 1301025
2025-03-19T12:54:02.830Z: Processing fixture ID: 1320462
2025-03-19T12:54:02.830Z: Processing fixture ID: 1320511
2025-03-19T12:54:02.830Z: Processing fixture ID: 1320516
2025-03-19T12:54:02.830Z: Processing fixture ID: 1322608
2025-03-19T12:54:02.830Z: Processing fixture ID: 1323642
2025-03-19T12:54:02.831Z: Processing fixture ID: 1347566
2025-03-19T12:54:02.831Z: Processing fixture ID: 1355914
2025-03-19T12:54:02.831Z: Processing fixture ID: 1359012
2025-03-19T12:54:02.831Z: Processing fixture ID: 1359013
2025-03-19T12:54:02.832Z: Processing fixture ID: 1359784
2025-03-19T12:54:02.832Z: Processing fixture ID: 1235162
2025-03-19T12:54:02.832Z: Processing fixture ID: 1264369
2025-03-19T12:54:02.832Z: Processing fixture ID: 1318414
2025-03-19T12:54:02.833Z: Processing fixture ID: 1318416
2025-03-19T12:54:02.833Z: Processing fixture ID: 1325881
2025-03-19T12:54:02.833Z: Processing fixture ID: 1356234
2025-03-19T12:54:02.833Z: Processing fixture ID: 1356235
2025-03-19T12:54:02.834Z: Processing fixture ID: 1256505
2025-03-19T12:54:02.834Z: Processing fixture ID: 1258753
2025-03-19T12:54:02.834Z: Processing fixture ID: 1258793
2025-03-19T12:54:02.834Z: Processing fixture ID: 1225478
2025-03-19T12:54:02.834Z: Processing fixture ID: 1225493
2025-03-19T12:54:02.835Z: Processing fixture ID: 1225495
2025-03-19T12:54:02.835Z: Processing fixture ID: 1225518
2025-03-19T12:54:02.835Z: Processing fixture ID: 1225522
2025-03-19T12:54:02.835Z: Processing fixture ID: 1225537
2025-03-19T12:54:02.836Z: Processing fixture ID: 1264368
2025-03-19T12:54:02.836Z: Processing fixture ID: 1349139
2025-03-19T12:54:02.836Z: Processing fixture ID: 1304821
2025-03-19T12:54:02.836Z: Processing fixture ID: 1304822
2025-03-19T12:54:02.836Z: Processing fixture ID: 1354579
2025-03-19T12:54:02.836Z: Processing fixture ID: 1322606
2025-03-19T12:54:02.837Z: Processing fixture ID: 1330783
2025-03-19T12:54:02.837Z: Processing fixture ID: 1332621
2025-03-19T12:54:02.837Z: Processing fixture ID: 1332623
2025-03-19T12:54:02.837Z: Processing fixture ID: 1349003
2025-03-19T12:54:02.838Z: Processing fixture ID: 1332620
2025-03-19T12:54:02.838Z: Processing fixture ID: 1332622
2025-03-19T12:54:02.838Z: Processing fixture ID: 1323756
2025-03-19T12:54:02.838Z: Processing fixture ID: 1323757
2025-03-19T12:54:02.838Z: Processing fixture ID: 1337260
2025-03-19T12:54:02.839Z: Processing fixture ID: 1337261
2025-03-19T12:54:02.839Z: Processing fixture ID: 1337262
2025-03-19T12:54:02.839Z: Processing fixture ID: 1347542
2025-03-19T12:54:02.839Z: Processing fixture ID: 1349170
2025-03-19T12:54:02.839Z: Processing fixture ID: 1359966
2025-03-19T12:54:02.840Z: Processing fixture ID: 1359968
2025-03-19T12:54:02.840Z: Processing fixture ID: 1347541
2025-03-19T12:54:02.840Z: Processing fixture ID: 1349154
2025-03-19T12:54:02.840Z: Processing fixture ID: 1355164
2025-03-19T12:54:02.840Z: Processing fixture ID: 1361605
2025-03-19T12:54:02.841Z: Processing fixture ID: 1310504
2025-03-19T12:54:02.841Z: Processing fixture ID: 1349155
2025-03-19T12:54:02.841Z: Processing fixture ID: 1349156
2025-03-19T12:54:02.841Z: Processing fixture ID: 1349157
2025-03-19T12:54:02.841Z: Processing fixture ID: 1355633
2025-03-19T12:54:02.842Z: Processing fixture ID: 1359970
2025-03-19T12:54:02.842Z: Processing fixture ID: 1360073
2025-03-19T12:54:02.842Z: Processing fixture ID: 1310505
2025-03-19T12:54:02.842Z: Processing fixture ID: 1325972
2025-03-19T12:54:02.842Z: Processing fixture ID: 1336556
2025-03-19T12:54:02.843Z: Processing fixture ID: 1336581
2025-03-19T12:54:02.843Z: Processing fixture ID: 1349158
2025-03-19T12:54:02.843Z: Processing fixture ID: 1349171
2025-03-19T12:54:02.843Z: Successfully added 188 fixtures to sitemap
2025-03-19T12:54:02.843Z: ==== FIXTURES SITEMAP GENERATION COMPLETED ====
2025-03-19T13:02:22.088Z: ==== FIXTURES SITEMAP GENERATION STARTED ====
2025-03-19T13:02:22.089Z: Fetching fixtures for Premier League (ID: 39)
2025-03-19T13:02:22.284Z: Found 0 fixtures for Premier League
2025-03-19T13:02:23.292Z: Fetching fixtures for Eliteserien (ID: 103)
2025-03-19T13:02:23.396Z: Found 240 fixtures for Eliteserien
2025-03-19T13:02:24.404Z: Fetching fixtures for Champions League (ID: 2)
2025-03-19T13:02:24.515Z: Found 0 fixtures for Champions League
2025-03-19T13:02:25.526Z: Fetching fixtures for La Liga (ID: 140)
2025-03-19T13:02:25.641Z: Found 0 fixtures for La Liga
2025-03-19T13:02:26.650Z: Fetching fixtures for Serie A (ID: 135)
2025-03-19T13:02:26.760Z: Found 0 fixtures for Serie A
2025-03-19T13:02:27.765Z: Fetching fixtures for Bundesliga (ID: 78)
2025-03-19T13:02:27.904Z: Found 0 fixtures for Bundesliga
2025-03-19T13:02:28.912Z: Fetching fixtures for Ligue 1 (ID: 61)
2025-03-19T13:02:29.021Z: Found 0 fixtures for Ligue 1
2025-03-19T13:02:30.035Z: Fetching fixtures for Eredivisie (ID: 88)
2025-03-19T13:02:30.149Z: Found 0 fixtures for Eredivisie
2025-03-19T13:02:31.151Z: Fetching fixtures for Primeira Liga (ID: 94)
2025-03-19T13:02:31.243Z: Found 0 fixtures for Primeira Liga
2025-03-19T13:02:32.253Z: Fetching fixtures for Europa League (ID: 3)
2025-03-19T13:02:32.356Z: Found 0 fixtures for Europa League
2025-03-19T13:02:33.366Z: Fetching fixtures for Conference League (ID: 848)
2025-03-19T13:02:33.469Z: Found 0 fixtures for Conference League
2025-03-19T13:02:34.482Z: Fetching fixtures for Toppserien (ID: 725)
2025-03-19T13:02:34.607Z: Found 135 fixtures for Toppserien
2025-03-19T13:02:35.613Z: Fetching fixtures for 1. Division (ID: 104)
2025-03-19T13:02:35.716Z: Found 240 fixtures for 1. Division
2025-03-19T13:02:36.728Z: Fetching fixtures for World Cup (ID: 1)
2025-03-19T13:02:36.838Z: Found 0 fixtures for World Cup
2025-03-19T13:02:37.848Z: Fetching fixtures for Friendlies (ID: 10)
2025-03-19T13:02:37.960Z: Found 66 fixtures for Friendlies
2025-03-19T13:02:38.966Z: Successfully added 681 fixtures from 15 leagues to sitemap
2025-03-19T13:02:38.967Z: ==== FIXTURES SITEMAP GENERATION COMPLETED ====
